<?xml version="1.0" encoding="UTF-8"?>
<testng-results skipped="0" failed="0" ignored="0" total="1" passed="1">
  <reporter-output>
  </reporter-output>
  <suite name="Default suite" duration-ms="420498" started-at="2020-06-29T01:00:51 IST" finished-at="2020-06-29T01:07:51 IST">
    <groups>
    </groups>
    <test name="Default test" duration-ms="420498" started-at="2020-06-29T01:00:51 IST" finished-at="2020-06-29T01:07:51 IST">
      <class name="Regularization">
        <test-method status="PASS" signature="OnMe()[pri:3, instance:Regularization@4b4523f8]" name="OnMe" duration-ms="420331" started-at="2020-06-29T01:00:51 IST" finished-at="2020-06-29T01:07:51 IST">
          <reporter-output>
          </reporter-output>
        </test-method> <!-- OnMe -->
      </class> <!-- Regularization -->
    </test> <!-- Default test -->
  </suite> <!-- Default suite -->
</testng-results>
